<?xml version="1.0" encoding="UTF-8"?>
<!-- Generated by org.testng.reporters.JUnitReportReporter -->
<testsuite hostname="LAPTOP-SKUFH2IU" failures="0" tests="1" name="Vtiger_basicTestScript.DemoClass" time="15.035" errors="0" timestamp="2023-03-27T23:17:09 IST" skipped="0">
  <testcase classname="Vtiger_basicTestScript.DemoClass" name="demo" time="15.035"/>
  <system-out/>
</testsuite> <!-- Vtiger_basicTestScript.DemoClass -->
